\BOOKMARK [0][-]{chapter.1}{1 Zielbestimmung}{}% 1
\BOOKMARK [1][-]{section.1.1}{1.1 Wunschkriterien}{chapter.1}% 2
\BOOKMARK [1][-]{section.1.2}{1.2 Abgrenzungskriterien}{chapter.1}% 3
\BOOKMARK [1][-]{section.1.3}{1.3 Musskriterien}{chapter.1}% 4
\BOOKMARK [0][-]{chapter.2}{2 Produkteinsatz}{}% 5
\BOOKMARK [1][-]{section.2.1}{2.1 Anwendungsbereiche}{chapter.2}% 6
\BOOKMARK [1][-]{section.2.2}{2.2 Zielgruppen}{chapter.2}% 7
\BOOKMARK [1][-]{section.2.3}{2.3 Betriebsbedingungen}{chapter.2}% 8
\BOOKMARK [0][-]{chapter.3}{3 Produktumgebung}{}% 9
\BOOKMARK [1][-]{section.3.1}{3.1 Software}{chapter.3}% 10
\BOOKMARK [1][-]{section.3.2}{3.2 Hardware}{chapter.3}% 11
\BOOKMARK [1][-]{section.3.3}{3.3 Orgware}{chapter.3}% 12
\BOOKMARK [1][-]{section.3.4}{3.4 Produk-Schnittstellen}{chapter.3}% 13
\BOOKMARK [0][-]{chapter.4}{4 Funktionale Anforderungen}{}% 14
\BOOKMARK [0][-]{chapter.5}{5 Produktdaten}{}% 15
\BOOKMARK [0][-]{chapter.6}{6 Nichtfunktionale Anforderungen}{}% 16
\BOOKMARK [0][-]{chapter.7}{7 Globale Testf\344lle}{}% 17
\BOOKMARK [0][-]{chapter.8}{8 Systemmodelle}{}% 18
\BOOKMARK [1][-]{section.8.1}{8.1 Szenarien}{chapter.8}% 19
\BOOKMARK [1][-]{section.8.2}{8.2 Anwendungsf\344lle}{chapter.8}% 20
\BOOKMARK [1][-]{section.8.3}{8.3 Objektmodelle}{chapter.8}% 21
\BOOKMARK [1][-]{section.8.4}{8.4 Dynamische Modelle}{chapter.8}% 22
\BOOKMARK [0][-]{chapter.9}{9 Glossar}{}% 23
